[debug] [2018-07-14T22:06:05.171Z] ----------------------------------------------------------------------
[debug] [2018-07-14T22:06:05.174Z] Command:       /usr/local/Cellar/node/10.2.1/bin/node /usr/local/bin/firebase deploy --only functions
[debug] [2018-07-14T22:06:05.174Z] CLI Version:   3.19.3
[debug] [2018-07-14T22:06:05.174Z] Platform:      darwin
[debug] [2018-07-14T22:06:05.174Z] Node Version:  v10.2.1
[debug] [2018-07-14T22:06:05.175Z] Time:          Sat Jul 14 2018 15:06:05 GMT-0700 (PDT)
[debug] [2018-07-14T22:06:05.175Z] ----------------------------------------------------------------------
[debug] 
[debug] [2018-07-14T22:06:05.189Z] > command requires scopes: ["email","openid","https://www.googleapis.com/auth/cloudplatformprojects.readonly","https://www.googleapis.com/auth/firebase","https://www.googleapis.com/auth/cloud-platform"]
[debug] [2018-07-14T22:06:05.189Z] > authorizing via signed-in user
[debug] [2018-07-14T22:06:05.192Z] >>> HTTP REQUEST GET https://admin.firebase.com/v1/projects/makestagram-de700  
  
 Sat Jul 14 2018 15:06:05 GMT-0700 (PDT)
[debug] [2018-07-14T22:06:05.647Z] <<< HTTP RESPONSE 200
[debug] [2018-07-14T22:06:05.648Z] >>> HTTP REQUEST GET https://admin.firebase.com/v1/database/makestagram-de700/tokens  
  
 Sat Jul 14 2018 15:06:05 GMT-0700 (PDT)
[debug] [2018-07-14T22:06:06.226Z] <<< HTTP RESPONSE 200
[info] 
[info] === Deploying to 'makestagram-de700'...
[info] 
[info] i  deploying functions
[debug] [2018-07-14T22:06:10.061Z] > [functions] package.json contents: {
  "name": "functions",
  "description": "Cloud Functions for Firebase",
  "scripts": {
    "serve": "firebase serve --only functions",
    "shell": "firebase functions:shell",
    "start": "npm run shell",
    "deploy": "firebase deploy --only functions",
    "logs": "firebase functions:log"
  },
  "dependencies": {
    "firebase-admin": "~5.12.1",
    "firebase-functions": "^1.0.3"
  },
  "private": true
}
[info] i  functions: ensuring necessary APIs are enabled...
[debug] [2018-07-14T22:06:10.062Z] >>> HTTP REQUEST GET https://servicemanagement.googleapis.com/v1/services/cloudfunctions.googleapis.com/projectSettings/makestagram-de700?view=CONSUMER_VIEW  
  
 Sat Jul 14 2018 15:06:10 GMT-0700 (PDT)
[debug] [2018-07-14T22:06:10.063Z] >>> HTTP REQUEST GET https://servicemanagement.googleapis.com/v1/services/runtimeconfig.googleapis.com/projectSettings/makestagram-de700?view=CONSUMER_VIEW  
  
 Sat Jul 14 2018 15:06:10 GMT-0700 (PDT)
[debug] [2018-07-14T22:06:11.133Z] <<< HTTP RESPONSE 200
[debug] [2018-07-14T22:06:11.257Z] <<< HTTP RESPONSE 200
[info] ✔  functions: all necessary APIs are enabled
[debug] [2018-07-14T22:06:11.258Z] >>> HTTP REQUEST GET https://cloudresourcemanager.googleapis.com/v1/projects/makestagram-de700  
  
 Sat Jul 14 2018 15:06:11 GMT-0700 (PDT)
[debug] [2018-07-14T22:06:11.747Z] <<< HTTP RESPONSE 200
[debug] [2018-07-14T22:06:11.748Z] >>> HTTP REQUEST GET https://mobilesdk-pa.googleapis.com/v1/projects/329513841758:getServerAppConfig  
  
 Sat Jul 14 2018 15:06:11 GMT-0700 (PDT)
[debug] [2018-07-14T22:06:12.265Z] <<< HTTP RESPONSE 200
[info] i  functions: preparing functions directory for uploading...
[debug] [2018-07-14T22:06:12.266Z] >>> HTTP REQUEST GET https://runtimeconfig.googleapis.com/v1beta1/projects/makestagram-de700/configs  
  
 Sat Jul 14 2018 15:06:12 GMT-0700 (PDT)
[debug] [2018-07-14T22:06:12.767Z] <<< HTTP RESPONSE 200
[info] i  functions: packaged functions (39.41 KB) for uploading
[debug] [2018-07-14T22:06:12.989Z] >>> HTTP REQUEST POST https://cloudfunctions.googleapis.com/v1/projects/makestagram-de700/locations/us-central1/functions:generateUploadUrl  
  
 Sat Jul 14 2018 15:06:12 GMT-0700 (PDT)
[debug] [2018-07-14T22:06:13.657Z] <<< HTTP RESPONSE 200
[debug] [2018-07-14T22:06:13.658Z] >>> HTTP REQUEST PUT https://storage.googleapis.com/gcf-upload-us-central1-84926f47-7fb0-4fa5-8cc9-785d0309c233/9ed2a519-6724-453e-ad09-71b9b3cd0fec.zip?GoogleAccessId=service-329513841758@gcf-admin-robot.iam.gserviceaccount.com&Expires=1531607773&Signature=qaFvrQe42D6i3%2BHbgp54liLkQsIFZATFcuGu4UfoozelbalEg4%2Fy5v%2FOd%2FE3tfKl4Gl3cX9s6xwIq6x%2FIDkArf%2BChHaa6zdwg81Jy996zggcNyhc4xdeBkLhlSJg6Pf8QZUg5yzbHXs3PHb8FXoV%2BOeFz0IlYaaTy%2B9oHL%2B3o3MnU3%2BbgflEkDxuyHjQjvwGTD0h9uVsT51MZ%2FGGl5sKa%2FfRVuC2usDctqIsgtS0uPyYARLiracjgewA83hSsvz6SaoIhYlRXNspUd5pXOsA1SZU5EUkSxkVnu2dsxsDXDJ0of55t%2FBt7w4KUmnhpVNrNdhMxF%2BSwxisiTale%2BFsGg%3D%3D  
 ReadStream {
  _readableState:
   ReadableState {
     objectMode: false,
     highWaterMark: 65536,
     buffer: BufferList { length: 1 },
     length: 40352,
     pipes: null,
     pipesCount: 0,
     flowing: null,
     ended: true,
     endEmitted: false,
     reading: false,
     sync: false,
     needReadable: false,
     emittedReadable: true,
     readableListening: false,
     resumeScheduled: false,
     emitClose: false,
     destroyed: false,
     defaultEncoding: 'utf8',
     awaitDrain: 0,
     readingMore: false,
     decoder: null,
     encoding: null },
  readable: true,
  domain: null,
  _events: { end: [Function] },
  _eventsCount: 1,
  _maxListeners: undefined,
  path:
   '/var/folders/4s/lpg9m61d6md_0c76r4kh_v7w0000gn/T/firebase-functions-15668GjAdna0eNqfH.zip',
  fd: 19,
  flags: 'r',
  mode: 438,
  start: undefined,
  end: Infinity,
  autoClose: true,
  pos: undefined,
  bytesRead: 40352,
  closed: false } 
 Sat Jul 14 2018 15:06:13 GMT-0700 (PDT)
[debug] [2018-07-14T22:06:14.476Z] <<< HTTP RESPONSE 200
[info] ✔  functions: functions folder uploaded successfully
[debug] [2018-07-14T22:06:14.478Z] >>> HTTP REQUEST GET https://cloudfunctions.googleapis.com/v1/projects/makestagram-de700/locations/us-central1/functions  
  
 Sat Jul 14 2018 15:06:14 GMT-0700 (PDT)
[debug] [2018-07-14T22:06:14.999Z] <<< HTTP RESPONSE 200
[info] i  functions: creating function onCreate...
[debug] [2018-07-14T22:06:15.002Z] Trigger is:  {"eventTrigger":{"resource":"projects/_/instances/makestagram-de700/refs/users","eventType":"providers/google.firebase.database/eventTypes/ref.create","service":"firebaseio.com"}}
[info] i  functions: deleting function getFaceDescriptor...
[debug] [2018-07-14T22:06:15.004Z] >>> HTTP REQUEST POST https://cloudfunctions.googleapis.com/v1/projects/makestagram-de700/locations/us-central1/functions  
 { sourceUploadUrl:
   'https://storage.googleapis.com/gcf-upload-us-central1-84926f47-7fb0-4fa5-8cc9-785d0309c233/9ed2a519-6724-453e-ad09-71b9b3cd0fec.zip?GoogleAccessId=service-329513841758@gcf-admin-robot.iam.gserviceaccount.com&Expires=1531607773&Signature=qaFvrQe42D6i3%2BHbgp54liLkQsIFZATFcuGu4UfoozelbalEg4%2Fy5v%2FOd%2FE3tfKl4Gl3cX9s6xwIq6x%2FIDkArf%2BChHaa6zdwg81Jy996zggcNyhc4xdeBkLhlSJg6Pf8QZUg5yzbHXs3PHb8FXoV%2BOeFz0IlYaaTy%2B9oHL%2B3o3MnU3%2BbgflEkDxuyHjQjvwGTD0h9uVsT51MZ%2FGGl5sKa%2FfRVuC2usDctqIsgtS0uPyYARLiracjgewA83hSsvz6SaoIhYlRXNspUd5pXOsA1SZU5EUkSxkVnu2dsxsDXDJ0of55t%2FBt7w4KUmnhpVNrNdhMxF%2BSwxisiTale%2BFsGg%3D%3D',
  name:
   'projects/makestagram-de700/locations/us-central1/functions/onCreate',
  entryPoint: 'onCreate',
  labels: { 'deployment-tool': 'cli-firebase' },
  eventTrigger:
   { resource: 'projects/_/instances/makestagram-de700/refs/users',
     eventType: 'providers/google.firebase.database/eventTypes/ref.create',
     service: 'firebaseio.com' } } 
 Sat Jul 14 2018 15:06:15 GMT-0700 (PDT)
[debug] [2018-07-14T22:06:15.005Z] >>> HTTP REQUEST DELETE https://cloudfunctions.googleapis.com/v1/projects/makestagram-de700/locations/us-central1/functions/getFaceDescriptor  
  
 Sat Jul 14 2018 15:06:15 GMT-0700 (PDT)
[debug] [2018-07-14T22:06:15.612Z] <<< HTTP RESPONSE 200
[debug] [2018-07-14T22:06:15.621Z] <<< HTTP RESPONSE 200
[debug] [2018-07-14T22:06:15.622Z] >>> HTTP REQUEST GET https://cloudfunctions.googleapis.com/v1/operations/bWFrZXN0YWdyYW0tZGU3MDAvdXMtY2VudHJhbDEvb25DcmVhdGUvTUVBQWZkWWliVU0  
  
 Sat Jul 14 2018 15:06:15 GMT-0700 (PDT)
[debug] [2018-07-14T22:06:15.622Z] >>> HTTP REQUEST GET https://cloudfunctions.googleapis.com/v1/operations/bWFrZXN0YWdyYW0tZGU3MDAvdXMtY2VudHJhbDEvZ2V0RmFjZURlc2NyaXB0b3IvTFJ1WlJGMmNtamM  
  
 Sat Jul 14 2018 15:06:15 GMT-0700 (PDT)
[debug] [2018-07-14T22:06:16.113Z] <<< HTTP RESPONSE 200
[debug] [2018-07-14T22:06:16.128Z] <<< HTTP RESPONSE 200
[debug] [2018-07-14T22:06:18.117Z] >>> HTTP REQUEST GET https://cloudfunctions.googleapis.com/v1/operations/bWFrZXN0YWdyYW0tZGU3MDAvdXMtY2VudHJhbDEvZ2V0RmFjZURlc2NyaXB0b3IvTFJ1WlJGMmNtamM  
  
 Sat Jul 14 2018 15:06:18 GMT-0700 (PDT)
[debug] [2018-07-14T22:06:18.128Z] >>> HTTP REQUEST GET https://cloudfunctions.googleapis.com/v1/operations/bWFrZXN0YWdyYW0tZGU3MDAvdXMtY2VudHJhbDEvb25DcmVhdGUvTUVBQWZkWWliVU0  
  
 Sat Jul 14 2018 15:06:18 GMT-0700 (PDT)
[debug] [2018-07-14T22:06:18.626Z] <<< HTTP RESPONSE 200
[debug] [2018-07-14T22:06:18.630Z] <<< HTTP RESPONSE 200
[debug] [2018-07-14T22:06:20.628Z] >>> HTTP REQUEST GET https://cloudfunctions.googleapis.com/v1/operations/bWFrZXN0YWdyYW0tZGU3MDAvdXMtY2VudHJhbDEvZ2V0RmFjZURlc2NyaXB0b3IvTFJ1WlJGMmNtamM  
  
 Sat Jul 14 2018 15:06:20 GMT-0700 (PDT)
[debug] [2018-07-14T22:06:20.630Z] >>> HTTP REQUEST GET https://cloudfunctions.googleapis.com/v1/operations/bWFrZXN0YWdyYW0tZGU3MDAvdXMtY2VudHJhbDEvb25DcmVhdGUvTUVBQWZkWWliVU0  
  
 Sat Jul 14 2018 15:06:20 GMT-0700 (PDT)
[debug] [2018-07-14T22:06:21.278Z] <<< HTTP RESPONSE 200
[debug] [2018-07-14T22:06:21.279Z] <<< HTTP RESPONSE 200
[info] ✔  functions[getFaceDescriptor]: Successful delete operation. 
[debug] [2018-07-14T22:06:23.279Z] >>> HTTP REQUEST GET https://cloudfunctions.googleapis.com/v1/operations/bWFrZXN0YWdyYW0tZGU3MDAvdXMtY2VudHJhbDEvb25DcmVhdGUvTUVBQWZkWWliVU0  
  
 Sat Jul 14 2018 15:06:23 GMT-0700 (PDT)
[debug] [2018-07-14T22:06:23.782Z] <<< HTTP RESPONSE 200
[debug] [2018-07-14T22:06:25.784Z] >>> HTTP REQUEST GET https://cloudfunctions.googleapis.com/v1/operations/bWFrZXN0YWdyYW0tZGU3MDAvdXMtY2VudHJhbDEvb25DcmVhdGUvTUVBQWZkWWliVU0  
  
 Sat Jul 14 2018 15:06:25 GMT-0700 (PDT)
[debug] [2018-07-14T22:06:26.493Z] <<< HTTP RESPONSE 200
[debug] [2018-07-14T22:06:28.496Z] >>> HTTP REQUEST GET https://cloudfunctions.googleapis.com/v1/operations/bWFrZXN0YWdyYW0tZGU3MDAvdXMtY2VudHJhbDEvb25DcmVhdGUvTUVBQWZkWWliVU0  
  
 Sat Jul 14 2018 15:06:28 GMT-0700 (PDT)
[debug] [2018-07-14T22:06:29.267Z] <<< HTTP RESPONSE 200
[debug] [2018-07-14T22:06:31.268Z] >>> HTTP REQUEST GET https://cloudfunctions.googleapis.com/v1/operations/bWFrZXN0YWdyYW0tZGU3MDAvdXMtY2VudHJhbDEvb25DcmVhdGUvTUVBQWZkWWliVU0  
  
 Sat Jul 14 2018 15:06:31 GMT-0700 (PDT)
[debug] [2018-07-14T22:06:31.867Z] <<< HTTP RESPONSE 200
[debug] [2018-07-14T22:06:46.002Z] ----------------------------------------------------------------------
[debug] [2018-07-14T22:06:46.005Z] Command:       /usr/local/Cellar/node/10.2.1/bin/node /usr/local/bin/firebase deploy --only functions
[debug] [2018-07-14T22:06:46.005Z] CLI Version:   3.19.3
[debug] [2018-07-14T22:06:46.005Z] Platform:      darwin
[debug] [2018-07-14T22:06:46.005Z] Node Version:  v10.2.1
[debug] [2018-07-14T22:06:46.005Z] Time:          Sat Jul 14 2018 15:06:46 GMT-0700 (PDT)
[debug] [2018-07-14T22:06:46.005Z] ----------------------------------------------------------------------
[debug] 
[debug] [2018-07-14T22:06:46.017Z] > command requires scopes: ["email","openid","https://www.googleapis.com/auth/cloudplatformprojects.readonly","https://www.googleapis.com/auth/firebase","https://www.googleapis.com/auth/cloud-platform"]
[debug] [2018-07-14T22:06:46.017Z] > authorizing via signed-in user
[debug] [2018-07-14T22:06:46.020Z] >>> HTTP REQUEST GET https://admin.firebase.com/v1/projects/makestagram-de700  
  
 Sat Jul 14 2018 15:06:46 GMT-0700 (PDT)
[debug] [2018-07-14T22:06:46.573Z] <<< HTTP RESPONSE 200
[debug] [2018-07-14T22:06:46.574Z] >>> HTTP REQUEST GET https://admin.firebase.com/v1/database/makestagram-de700/tokens  
  
 Sat Jul 14 2018 15:06:46 GMT-0700 (PDT)
[debug] [2018-07-14T22:06:46.953Z] <<< HTTP RESPONSE 200
[info] 
[info] === Deploying to 'makestagram-de700'...
[info] 
[info] i  deploying functions
[debug] [2018-07-14T22:06:49.884Z] > [functions] package.json contents: {
  "name": "functions",
  "description": "Cloud Functions for Firebase",
  "scripts": {
    "serve": "firebase serve --only functions",
    "shell": "firebase functions:shell",
    "start": "npm run shell",
    "deploy": "firebase deploy --only functions",
    "logs": "firebase functions:log"
  },
  "dependencies": {
    "firebase-admin": "~5.12.1",
    "firebase-functions": "^1.0.3"
  },
  "private": true
}
[info] i  functions: ensuring necessary APIs are enabled...
[debug] [2018-07-14T22:06:49.885Z] >>> HTTP REQUEST GET https://servicemanagement.googleapis.com/v1/services/cloudfunctions.googleapis.com/projectSettings/makestagram-de700?view=CONSUMER_VIEW  
  
 Sat Jul 14 2018 15:06:49 GMT-0700 (PDT)
[debug] [2018-07-14T22:06:49.885Z] >>> HTTP REQUEST GET https://servicemanagement.googleapis.com/v1/services/runtimeconfig.googleapis.com/projectSettings/makestagram-de700?view=CONSUMER_VIEW  
  
 Sat Jul 14 2018 15:06:49 GMT-0700 (PDT)
[debug] [2018-07-14T22:06:50.786Z] <<< HTTP RESPONSE 200
[debug] [2018-07-14T22:06:50.894Z] <<< HTTP RESPONSE 200
[info] ✔  functions: all necessary APIs are enabled
[debug] [2018-07-14T22:06:50.895Z] >>> HTTP REQUEST GET https://cloudresourcemanager.googleapis.com/v1/projects/makestagram-de700  
  
 Sat Jul 14 2018 15:06:50 GMT-0700 (PDT)
[debug] [2018-07-14T22:06:51.753Z] <<< HTTP RESPONSE 200
[debug] [2018-07-14T22:06:51.753Z] >>> HTTP REQUEST GET https://mobilesdk-pa.googleapis.com/v1/projects/329513841758:getServerAppConfig  
  
 Sat Jul 14 2018 15:06:51 GMT-0700 (PDT)
[debug] [2018-07-14T22:06:52.395Z] <<< HTTP RESPONSE 200
[info] i  functions: preparing functions directory for uploading...
[debug] [2018-07-14T22:06:52.396Z] >>> HTTP REQUEST GET https://runtimeconfig.googleapis.com/v1beta1/projects/makestagram-de700/configs  
  
 Sat Jul 14 2018 15:06:52 GMT-0700 (PDT)
[debug] [2018-07-14T22:06:52.795Z] <<< HTTP RESPONSE 200
[info] i  functions: packaged functions (39.41 KB) for uploading
[debug] [2018-07-14T22:06:53.019Z] >>> HTTP REQUEST POST https://cloudfunctions.googleapis.com/v1/projects/makestagram-de700/locations/us-central1/functions:generateUploadUrl  
  
 Sat Jul 14 2018 15:06:53 GMT-0700 (PDT)
[debug] [2018-07-14T22:06:53.692Z] <<< HTTP RESPONSE 200
[debug] [2018-07-14T22:06:53.692Z] >>> HTTP REQUEST PUT https://storage.googleapis.com/gcf-upload-us-central1-84926f47-7fb0-4fa5-8cc9-785d0309c233/e795cf61-f771-4230-8d50-7d29b4e92e41.zip?GoogleAccessId=service-329513841758@gcf-admin-robot.iam.gserviceaccount.com&Expires=1531607813&Signature=s122xxNFlTCixnROLqZH%2FI1x8Unn6teLlTS6auMPTKRqLPdzqbJUxtVjY0wpPXdnCY5Iov8QJOCnQFrq%2F61QSKItEYaCkUF2HG5tuC2WQ2fGBzmBBRr37ynoXdgmvNVZX4BCDZ4kQ5Y28xhA0uc2OdC5ltDHvTt6rYOiQUR22l498NtDGhUcZJPn9HJtd2i64rlrltgQaI5ovQAWWzg%2BsZQe5Vx4N%2FnK9RwA1jp4Xnw4Lm0xSMKw0eZi4oZc1iOqnqhzIYH2m3OPX3sQcVAiBPLQ%2F%2FqKGMwArPCIS4Da%2FRuUF2H7s5023jDQmQKGHq3PYaIpZazSb0cE97ni%2Fhxnfw%3D%3D  
 ReadStream {
  _readableState:
   ReadableState {
     objectMode: false,
     highWaterMark: 65536,
     buffer: BufferList { length: 1 },
     length: 40357,
     pipes: null,
     pipesCount: 0,
     flowing: null,
     ended: true,
     endEmitted: false,
     reading: false,
     sync: false,
     needReadable: false,
     emittedReadable: true,
     readableListening: false,
     resumeScheduled: false,
     emitClose: false,
     destroyed: false,
     defaultEncoding: 'utf8',
     awaitDrain: 0,
     readingMore: false,
     decoder: null,
     encoding: null },
  readable: true,
  domain: null,
  _events: { end: [Function] },
  _eventsCount: 1,
  _maxListeners: undefined,
  path:
   '/var/folders/4s/lpg9m61d6md_0c76r4kh_v7w0000gn/T/firebase-functions-15760vIiwxRPgMyu1.zip',
  fd: 19,
  flags: 'r',
  mode: 438,
  start: undefined,
  end: Infinity,
  autoClose: true,
  pos: undefined,
  bytesRead: 40357,
  closed: false } 
 Sat Jul 14 2018 15:06:53 GMT-0700 (PDT)
[debug] [2018-07-14T22:06:54.559Z] <<< HTTP RESPONSE 200
[info] ✔  functions: functions folder uploaded successfully
[debug] [2018-07-14T22:06:54.560Z] >>> HTTP REQUEST GET https://cloudfunctions.googleapis.com/v1/projects/makestagram-de700/locations/us-central1/functions  
  
 Sat Jul 14 2018 15:06:54 GMT-0700 (PDT)
[debug] [2018-07-14T22:06:55.241Z] <<< HTTP RESPONSE 200
[info] i  functions: updating function onCreate...
[debug] [2018-07-14T22:06:55.243Z] Trigger is:  {"eventTrigger":{"resource":"projects/_/instances/makestagram-de700/refs/posts","eventType":"providers/google.firebase.database/eventTypes/ref.update","service":"firebaseio.com"}}
[debug] [2018-07-14T22:06:55.244Z] >>> HTTP REQUEST PATCH https://cloudfunctions.googleapis.com/v1/projects/makestagram-de700/locations/us-central1/functions/onCreate 
query params: {"updateMask":"sourceUploadUrl,name,labels,eventTrigger.resource,eventTrigger.eventType,eventTrigger.service"} 
 { sourceUploadUrl:
   'https://storage.googleapis.com/gcf-upload-us-central1-84926f47-7fb0-4fa5-8cc9-785d0309c233/e795cf61-f771-4230-8d50-7d29b4e92e41.zip?GoogleAccessId=service-329513841758@gcf-admin-robot.iam.gserviceaccount.com&Expires=1531607813&Signature=s122xxNFlTCixnROLqZH%2FI1x8Unn6teLlTS6auMPTKRqLPdzqbJUxtVjY0wpPXdnCY5Iov8QJOCnQFrq%2F61QSKItEYaCkUF2HG5tuC2WQ2fGBzmBBRr37ynoXdgmvNVZX4BCDZ4kQ5Y28xhA0uc2OdC5ltDHvTt6rYOiQUR22l498NtDGhUcZJPn9HJtd2i64rlrltgQaI5ovQAWWzg%2BsZQe5Vx4N%2FnK9RwA1jp4Xnw4Lm0xSMKw0eZi4oZc1iOqnqhzIYH2m3OPX3sQcVAiBPLQ%2F%2FqKGMwArPCIS4Da%2FRuUF2H7s5023jDQmQKGHq3PYaIpZazSb0cE97ni%2Fhxnfw%3D%3D',
  name:
   'projects/makestagram-de700/locations/us-central1/functions/onCreate',
  labels: { 'deployment-tool': 'cli-firebase' },
  eventTrigger:
   { resource: 'projects/_/instances/makestagram-de700/refs/posts',
     eventType: 'providers/google.firebase.database/eventTypes/ref.update',
     service: 'firebaseio.com' } } 
 Sat Jul 14 2018 15:06:55 GMT-0700 (PDT)
[debug] [2018-07-14T22:06:56.002Z] <<< HTTP RESPONSE 200
[debug] [2018-07-14T22:06:56.004Z] >>> HTTP REQUEST GET https://cloudfunctions.googleapis.com/v1/operations/bWFrZXN0YWdyYW0tZGU3MDAvdXMtY2VudHJhbDEvb25DcmVhdGUvdjIxYUp2RlFTUUU  
  
 Sat Jul 14 2018 15:06:56 GMT-0700 (PDT)
[debug] [2018-07-14T22:06:56.558Z] <<< HTTP RESPONSE 200
[debug] [2018-07-14T22:06:58.563Z] >>> HTTP REQUEST GET https://cloudfunctions.googleapis.com/v1/operations/bWFrZXN0YWdyYW0tZGU3MDAvdXMtY2VudHJhbDEvb25DcmVhdGUvdjIxYUp2RlFTUUU  
  
 Sat Jul 14 2018 15:06:58 GMT-0700 (PDT)
[debug] [2018-07-14T22:06:59.075Z] <<< HTTP RESPONSE 200
[debug] [2018-07-14T22:07:01.075Z] >>> HTTP REQUEST GET https://cloudfunctions.googleapis.com/v1/operations/bWFrZXN0YWdyYW0tZGU3MDAvdXMtY2VudHJhbDEvb25DcmVhdGUvdjIxYUp2RlFTUUU  
  
 Sat Jul 14 2018 15:07:01 GMT-0700 (PDT)
[debug] [2018-07-14T22:07:01.586Z] <<< HTTP RESPONSE 200
[debug] [2018-07-14T22:07:03.588Z] >>> HTTP REQUEST GET https://cloudfunctions.googleapis.com/v1/operations/bWFrZXN0YWdyYW0tZGU3MDAvdXMtY2VudHJhbDEvb25DcmVhdGUvdjIxYUp2RlFTUUU  
  
 Sat Jul 14 2018 15:07:03 GMT-0700 (PDT)
[debug] [2018-07-14T22:07:04.108Z] <<< HTTP RESPONSE 200
